Using pre-set license
Built from '2020.3/staging' branch; Version is '2020.3.0f1 (c7b5465681fb) revision 13088070'; Using compiler version '192528614'; Build Type 'Release'
OS: 'Windows 10 Home; OS build 19042.1237; Version 2009; 64bit' Language: 'en' Physical Memory: 16333 MB
BatchMode: 1, IsHumanControllingUs: 0, StartBugReporterOnCrash: 0, Is64bit: 1, IsPro: 0

 COMMAND LINE ARGUMENTS:
C:\Program Files\Unity\2020.3.0f1\Editor\Unity.exe
-adb2
-batchMode
-noUpm
-name
AssetImportWorker0
-projectPath
D:/Project/3rdPerson/3rdPerson
-logFile
Logs/AssetImportWorker0.log
-srvPort
52798
Successfully changed project path to: D:/Project/3rdPerson/3rdPerson
D:/Project/3rdPerson/3rdPerson
Using Asset Import Pipeline V2.
Refreshing native plugins compatible for Editor in 23.89 ms, found 0 plugins.
Preloading 0 native plugins for Editor in 0.00 ms.
Initialize engine version: 2020.3.0f1 (c7b5465681fb)
[Subsystems] Discovering subsystems at path C:/Program Files/Unity/2020.3.0f1/Editor/Data/Resources/UnitySubsystems
[Subsystems] Discovering subsystems at path D:/Project/3rdPerson/3rdPerson/Assets
GfxDevice: creating device client; threaded=0
Direct3D:
    Version:  Direct3D 11.0 [level 11.1]
    Renderer: NVIDIA GeForce RTX 2060 (ID=0x1e89)
    Vendor:   
    VRAM:     5967 MB
    Driver:   27.21.14.6611
Initialize mono
Mono path[0] = 'C:/Program Files/Unity/2020.3.0f1/Editor/Data/Managed'
Mono path[1] = 'C:/Program Files/Unity/2020.3.0f1/Editor/Data/MonoBleedingEdge/lib/mono/unityjit'
Mono config path = 'C:/Program Files/Unity/2020.3.0f1/Editor/Data/MonoBleedingEdge/etc'
Using monoOptions --debugger-agent=transport=dt_socket,embedding=1,server=y,suspend=n,address=127.0.0.1:56080
Begin MonoManager ReloadAssembly
Registering precompiled unity dll's ...
Register platform support module: C:/Program Files/Unity/2020.3.0f1/Editor/Data/PlaybackEngines/WindowsStandaloneSupport/UnityEditor.WindowsStandalone.Extensions.dll
Registered in 0.001709 seconds.
Native extension for WindowsStandalone target not found
Refreshing native plugins compatible for Editor in 24.71 ms, found 0 plugins.
Preloading 0 native plugins for Editor in 0.00 ms.
Invoked RoslynAnalysisRunner static constructor.
RoslynAnalysisRunner will not be running.
RoslynAnalysisRunner has terminated.
Mono: successfully reloaded assembly
- Completed reload, in  0.926 seconds
Platform modules already initialized, skipping
Registering precompiled user dll's ...
Registered in 0.000380 seconds.
Begin MonoManager ReloadAssembly
Native extension for WindowsStandalone target not found
Refreshing native plugins compatible for Editor in 25.04 ms, found 0 plugins.
Preloading 0 native plugins for Editor in 0.00 ms.
Invoked RoslynAnalysisRunner static constructor.
RoslynAnalysisRunner will not be running.
RoslynAnalysisRunner has terminated.
Mono: successfully reloaded assembly
- Completed reload, in  0.763 seconds
Platform modules already initialized, skipping
========================================================================
Worker process is ready to serve import requests
Launched and connected shader compiler UnityShaderCompiler.exe after 0.03 seconds
Refreshing native plugins compatible for Editor in 0.33 ms, found 0 plugins.
Preloading 0 native plugins for Editor in 0.00 ms.
Unloading 1413 Unused Serialized files (Serialized files now loaded: 0)
System memory in use before: 67.7 MB.
System memory in use after: 67.7 MB.

Unloading 12 unused Assets to reduce memory usage. Loaded Objects now: 1858.
Total: 2.266400 ms (FindLiveObjects: 0.352400 ms CreateObjectMapping: 0.055200 ms MarkObjects: 1.777600 ms  DeleteObjects: 0.079900 ms)

========================================================================
Received Import Request.
  path: Assets/Art/LowPolyMan.fbx
  artifactKey: Guid(9090c5cb3fcb34d438b2be268c9c4934) Importer(815301076,1909f56bfc062723c751e8b465ee728b)
Start importing Assets/Art/LowPolyMan.fbx using Guid(9090c5cb3fcb34d438b2be268c9c4934) Importer(815301076,1909f56bfc062723c751e8b465ee728b)  -> (artifact id: '368145f81a8d622357d9b526e8b02fda') in 0.251364 seconds
  Import took 0.254421 seconds .

========================================================================
Received Import Request.
  Time since last request: 35.472678 seconds.
  path: Assets/Art/Animations
  artifactKey: Guid(a663112c865e3384e986d94ecc56c709) Importer(815301076,1909f56bfc062723c751e8b465ee728b)
Start importing Assets/Art/Animations using Guid(a663112c865e3384e986d94ecc56c709) Importer(815301076,1909f56bfc062723c751e8b465ee728b)  -> (artifact id: '97b1fbff626c1da1d84494734641c416') in 0.006126 seconds
  Import took 0.009022 seconds .

========================================================================
Received Import Request.
  Time since last request: 14.593310 seconds.
  path: Assets/Art/Animations/Humanoid.controller
  artifactKey: Guid(3ffa4159c8a046f4881f3a1f10778c2a) Importer(815301076,1909f56bfc062723c751e8b465ee728b)
Start importing Assets/Art/Animations/Humanoid.controller using Guid(3ffa4159c8a046f4881f3a1f10778c2a) Importer(815301076,1909f56bfc062723c751e8b465ee728b)  -> (artifact id: 'eb51876299bfdeca0695630991f61b47') in 0.012943 seconds
  Import took 0.015589 seconds .

========================================================================
Received Import Request.
  Time since last request: 93.255123 seconds.
  path: Assets/Art/Animations/Idle.anim
  artifactKey: Guid(b9a736ffc07bce04b872f733a54cef79) Importer(815301076,1909f56bfc062723c751e8b465ee728b)
Start importing Assets/Art/Animations/Idle.anim using Guid(b9a736ffc07bce04b872f733a54cef79) Importer(815301076,1909f56bfc062723c751e8b465ee728b)  -> (artifact id: 'c3007ce03b1111b0f79c0d255e7bc25d') in 0.009964 seconds
  Import took 0.012826 seconds .

========================================================================
Received Import Request.
  Time since last request: 0.000769 seconds.
  path: Assets/Art/Animations/Idle.anim
  artifactKey: Guid(b9a736ffc07bce04b872f733a54cef79) Importer(815301076,1909f56bfc062723c751e8b465ee728b)
Start importing Assets/Art/Animations/Idle.anim using Guid(b9a736ffc07bce04b872f733a54cef79) Importer(815301076,1909f56bfc062723c751e8b465ee728b)  -> (artifact id: 'c3007ce03b1111b0f79c0d255e7bc25d') in 0.004530 seconds
  Import took 0.007139 seconds .

========================================================================
Received Import Request.
  Time since last request: 4.199163 seconds.
  path: Assets/Art/Animations/Run.anim
  artifactKey: Guid(f6983b452ac83894db43c23a5a6f2d3f) Importer(815301076,1909f56bfc062723c751e8b465ee728b)
Start importing Assets/Art/Animations/Run.anim using Guid(f6983b452ac83894db43c23a5a6f2d3f) Importer(815301076,1909f56bfc062723c751e8b465ee728b)  -> (artifact id: 'c7777680353b3687046fc6700eb323c0') in 0.013932 seconds
  Import took 0.017700 seconds .

========================================================================
Received Prepare
Registering precompiled user dll's ...
Registered in 0.000521 seconds.
Begin MonoManager ReloadAssembly
Native extension for WindowsStandalone target not found
Refreshing native plugins compatible for Editor in 0.32 ms, found 0 plugins.
Preloading 0 native plugins for Editor in 0.00 ms.
Invoked RoslynAnalysisRunner static constructor.
RoslynAnalysisRunner will not be running.
RoslynAnalysisRunner has terminated.
Mono: successfully reloaded assembly
- Completed reload, in  0.708 seconds
Platform modules already initialized, skipping
Refreshing native plugins compatible for Editor in 0.30 ms, found 0 plugins.
Preloading 0 native plugins for Editor in 0.00 ms.
Unloading 1409 Unused Serialized files (Serialized files now loaded: 0)
System memory in use before: 85.3 MB.
System memory in use after: 85.4 MB.

Unloading 5 unused Assets to reduce memory usage. Loaded Objects now: 1906.
Total: 2.196500 ms (FindLiveObjects: 0.328700 ms CreateObjectMapping: 0.040500 ms MarkObjects: 1.763300 ms  DeleteObjects: 0.061800 ms)

========================================================================
Received Import Request.
  Time since last request: 193.880971 seconds.
  path: Assets/AnimatorManager.cs
  artifactKey: Guid(26fda6483e99bdf4db5edc66985cf1c5) Importer(815301076,1909f56bfc062723c751e8b465ee728b)
Start importing Assets/AnimatorManager.cs using Guid(26fda6483e99bdf4db5edc66985cf1c5) Importer(815301076,1909f56bfc062723c751e8b465ee728b)  -> (artifact id: 'a07783926a1e33bfc6348e7772d6a4ce') in 0.018774 seconds
  Import took 0.021872 seconds .

========================================================================
Received Prepare
Registering precompiled user dll's ...
Registered in 0.000621 seconds.
Begin MonoManager ReloadAssembly
Native extension for WindowsStandalone target not found
Refreshing native plugins compatible for Editor in 0.32 ms, found 0 plugins.
Preloading 0 native plugins for Editor in 0.00 ms.
Invoked RoslynAnalysisRunner static constructor.
RoslynAnalysisRunner will not be running.
RoslynAnalysisRunner has terminated.
Mono: successfully reloaded assembly
- Completed reload, in  0.696 seconds
Platform modules already initialized, skipping
Refreshing native plugins compatible for Editor in 0.30 ms, found 0 plugins.
Preloading 0 native plugins for Editor in 0.00 ms.
Unloading 1409 Unused Serialized files (Serialized files now loaded: 0)
System memory in use before: 85.4 MB.
System memory in use after: 85.4 MB.

Unloading 5 unused Assets to reduce memory usage. Loaded Objects now: 1909.
Total: 2.175700 ms (FindLiveObjects: 0.298400 ms CreateObjectMapping: 0.036000 ms MarkObjects: 1.771700 ms  DeleteObjects: 0.067900 ms)

========================================================================
Received Import Request.
  Time since last request: 676.228388 seconds.
  path: Assets/AnimatorManager.cs
  artifactKey: Guid(26fda6483e99bdf4db5edc66985cf1c5) Importer(815301076,1909f56bfc062723c751e8b465ee728b)
Start importing Assets/AnimatorManager.cs using Guid(26fda6483e99bdf4db5edc66985cf1c5) Importer(815301076,1909f56bfc062723c751e8b465ee728b)  -> (artifact id: '4181b08a5288fae54339083f500b4c67') in 0.004462 seconds
  Import took 0.007087 seconds .

========================================================================
Received Import Request.
  Time since last request: 1.548241 seconds.
  path: Assets/Scripts/InputManager.cs
  artifactKey: Guid(7a76a39df8be71b40bbeb52fbcbfa4c5) Importer(815301076,1909f56bfc062723c751e8b465ee728b)
Start importing Assets/Scripts/InputManager.cs using Guid(7a76a39df8be71b40bbeb52fbcbfa4c5) Importer(815301076,1909f56bfc062723c751e8b465ee728b)  -> (artifact id: '178320204253892e34dec2ffc31aa762') in 0.006060 seconds
  Import took 0.008796 seconds .

========================================================================
Received Prepare
Registering precompiled user dll's ...
Registered in 0.000604 seconds.
Begin MonoManager ReloadAssembly
Native extension for WindowsStandalone target not found
Refreshing native plugins compatible for Editor in 0.31 ms, found 0 plugins.
Preloading 0 native plugins for Editor in 0.00 ms.
Invoked RoslynAnalysisRunner static constructor.
RoslynAnalysisRunner will not be running.
RoslynAnalysisRunner has terminated.
Mono: successfully reloaded assembly
- Completed reload, in  0.718 seconds
Platform modules already initialized, skipping
Refreshing native plugins compatible for Editor in 0.31 ms, found 0 plugins.
Preloading 0 native plugins for Editor in 0.00 ms.
Unloading 1409 Unused Serialized files (Serialized files now loaded: 0)
System memory in use before: 85.4 MB.
System memory in use after: 85.5 MB.

Unloading 5 unused Assets to reduce memory usage. Loaded Objects now: 1912.
Total: 2.371300 ms (FindLiveObjects: 0.445300 ms CreateObjectMapping: 0.046100 ms MarkObjects: 1.816900 ms  DeleteObjects: 0.061200 ms)

========================================================================
Received Import Request.
  Time since last request: 243.380624 seconds.
  path: Assets/Scripts/InputManager.cs
  artifactKey: Guid(7a76a39df8be71b40bbeb52fbcbfa4c5) Importer(815301076,1909f56bfc062723c751e8b465ee728b)
Start importing Assets/Scripts/InputManager.cs using Guid(7a76a39df8be71b40bbeb52fbcbfa4c5) Importer(815301076,1909f56bfc062723c751e8b465ee728b)  -> (artifact id: '216b8f660af9543a175b63476c7b2705') in 0.004447 seconds
  Import took 0.006785 seconds .

========================================================================
Received Prepare
Registering precompiled user dll's ...
Registered in 0.000476 seconds.
Begin MonoManager ReloadAssembly
Native extension for WindowsStandalone target not found
Refreshing native plugins compatible for Editor in 0.34 ms, found 0 plugins.
Preloading 0 native plugins for Editor in 0.00 ms.
Invoked RoslynAnalysisRunner static constructor.
RoslynAnalysisRunner will not be running.
RoslynAnalysisRunner has terminated.
Mono: successfully reloaded assembly
- Completed reload, in  0.691 seconds
Platform modules already initialized, skipping
Refreshing native plugins compatible for Editor in 0.34 ms, found 0 plugins.
Preloading 0 native plugins for Editor in 0.00 ms.
Unloading 1409 Unused Serialized files (Serialized files now loaded: 0)
System memory in use before: 85.4 MB.
System memory in use after: 85.5 MB.

Unloading 5 unused Assets to reduce memory usage. Loaded Objects now: 1915.
Total: 2.725200 ms (FindLiveObjects: 0.358800 ms CreateObjectMapping: 0.041000 ms MarkObjects: 2.255600 ms  DeleteObjects: 0.067500 ms)

========================================================================
Received Import Request.
  Time since last request: 540.657015 seconds.
  path: Assets/playerMat.mat
  artifactKey: Guid(03ed17feb345c904dad1c8dac3b126c5) Importer(815301076,1909f56bfc062723c751e8b465ee728b)
Start importing Assets/playerMat.mat using Guid(03ed17feb345c904dad1c8dac3b126c5) Importer(815301076,1909f56bfc062723c751e8b465ee728b)  -> (artifact id: '803aa0726baed27d44119d2a8651be0a') in 0.057303 seconds
  Import took 0.075850 seconds .

========================================================================
Received Import Request.
  Time since last request: 41.855651 seconds.
  path: Assets/playerMat.mat
  artifactKey: Guid(03ed17feb345c904dad1c8dac3b126c5) Importer(815301076,1909f56bfc062723c751e8b465ee728b)
Start importing Assets/playerMat.mat using Guid(03ed17feb345c904dad1c8dac3b126c5) Importer(815301076,1909f56bfc062723c751e8b465ee728b)  -> (artifact id: '99bb63c339e633a760961817ac8311d8') in 0.015966 seconds
  Import took 0.019060 seconds .

AssetImportWorkerClient::OnTransportError - code=2 error=End of file
